>>>>>>>>>>>>>>>>>>>>>>>>>>>>>>>>>>>>>>>>>>>>>>>>>>>>>>>>>>>>>>>>>>>>>>>>>>>>>>
>>>> Toolkit for HEP Event Generation - ThePEG 2.1.1 <<<<<<<<<<<<<<<<<<<<<<<<<
>>>> Wed Jul 19 15:21:05 2017                                             <<<<
<<<<<<<<<<<<<<<<<<<<<<<<<<<<<<<<<<<<<<<<<<<<<<<<<<<<<<<<<<<<<<<<<<<<<<<<<<<<<<

>> Herwig 7.1.1 / ThePEG 2.1.1

:
MHat  = 9.25782 .. 1e+06 GeV
Scale = 0 .. 1e+12 GeV2
YHat  = -100 .. 100
X1    = 0 .. 1
X2    = 0 .. 1

:
KT  = 4.62891 .. 1e+06 GeV
Eta = -100 .. 100

:
MHat  = 9.45782 .. 1e+06 GeV
Scale = 0 .. 1e+12 GeV2
YHat  = -100 .. 100
X1    = 0 .. 1
X2    = 0 .. 1

:
KT  = 4.72891 .. 1e+06 GeV
Eta = -100 .. 100

/Herwig/UnderlyingEvent/UECuts:
MHat  = 6.12 .. 1e+06 GeV
Scale = 0 .. 1e+12 GeV2
YHat  = -100 .. 100
X1    = 0 .. 1
X2    = 0 .. 1

/Herwig/UnderlyingEvent/KtCut:
KT  = 3.06 .. 1e+06 GeV
Eta = -100 .. 100

/Herwig/Cuts/Cuts:
MHat  = 0 .. 13000 GeV
Scale = 2 .. 1e+12 GeV2
YHat  = -100 .. 100
X1    = 1e-05 .. 1
X2    = 1e-05 .. 1

IdentifiedParticleCut 'PhotonCut' matching 'Photon' within:
pt  = 0 .. 1e+06 GeV
IdentifiedParticleCut 'LeptonCut' matching 'Lepton' within:
pt  = 0 .. 1e+06 GeV
IdentifiedParticleCut 'TopQuarkCut' matching 'Top' within:
pt  = 0 .. 1e+06 GeV
IdentifiedParticleCut 'BottomQuarkCut' matching 'Bottom' within:
pt  = 0 .. 1e+06 GeV
IdentifiedParticleCut 'WBosonCut' matching 'WBoson' within:
pt  = 0 .. 1e+06 GeV
IdentifiedParticleCut 'ZBosonCut' matching 'ZBoson' within:
pt  = 0 .. 1e+06 GeV
IdentifiedParticleCut 'HiggsBosonCut' matching 'HiggsBoson' within:
pt  = 0 .. 1e+06 GeV
IdentifiedParticleCut 'ChargedLeptonCut' matching 'ChargedLepton' within:
pt  = 0 .. 1e+06 GeV
/Herwig/Cuts/LeptonPairMassCut
matching distances between: 'Lepton' and 'Lepton':
M = 0 .. 1e+06 GeV
same flavour only = No 
opposite sign only = No 

/Herwig/Cuts/ChargedLeptonPairMassCut
matching distances between: 'ChargedLepton' and 'ChargedLepton':
M = 60 .. 120 GeV
same flavour only = No 
opposite sign only = No 

/Herwig/Cuts/LeptonDeltaRCut
matching distances between: 'Lepton' and 'Lepton':
DeltaRMin = 0 
DeltaRMax = 100 
DeltaPhiMin = 0 
DeltaPhiMax = 6.28319 
DeltaYMin = 0 
DeltaYMax = 100 

/Herwig/Cuts/ChargedLeptonDeltaRCut
matching distances between: 'ChargedLepton' and 'ChargedLepton':
DeltaRMin = 0 
DeltaRMax = 100 
DeltaPhiMin = 0 
DeltaPhiMax = 6.28319 
DeltaYMin = 0 
DeltaYMax = 100 

/Herwig/Cuts/PhotonIsolationCut matching unresolved particles from 'MatchboxJetMatcher':
DeltaZero = 0 
Exponent n = 1 
Efficiency = 0 
Cut Type = 1 

MissingPtCut 'MissingPtCut' matching 'Neutrino' within:
ptMiss  = 0 .. 1e+06 GeV
******************************************************************************
Event number 1 (id: LHC-Matchbox) performed by EventHandler
==============================================================================

--- Colliding particles:
  1        p+    2212  (8,10)   
                                 0.000     0.000  6500.000  6500.000     0.938
  2        p+    2212  (9,17)   
                                 0.000     0.000 -6500.000  6500.000     0.938
------------------------------------------------------------------------------
Primary sub-process performed by ME[ubar,u->e+,e-].BornVirtual
--- incoming:
  3      ubar      -2 [15] (5)   {-1}
                                -0.000     0.000     3.776     3.776     0.000
  4         u       2 [17] (5)   {+1}
                                 0.000    -0.000  -561.564   561.564     0.000
--- intermediates:
  5        Z0      23 [3,4] (6,7)   
                                 0.000    -0.000  -557.788   565.339    92.093
--- outgoing:
  6        e+     -11 [5] (19)   
                                -3.197    43.620  -190.504   195.460     0.000
  7        e-      11 [5] (18)   
                                 3.197   -43.620  -367.284   369.879     0.000
------------------------------------------------------------------------------
Step 1
--- intermediates:
  3      ubar      -2 [15] (5)   {-1}
                                -0.000     0.000     3.776     3.776     0.000
  4         u       2 [17] (5)   {+1}
                                 0.000    -0.000  -561.564   561.564     0.000
  5        Z0      23 [3,4] (6,7)   
                                 0.000    -0.000  -557.788   565.339    92.093
--- final:
  6        e+     -11 [5] (19)   
                                -3.197    43.620  -190.504   195.460     0.000
  7        e-      11 [5] (18)   
                                 3.197   -43.620  -367.284   369.879     0.000
  8    Rem:p+      82 [1] (20)  >9 {+1}
                                 0.000     0.000  6496.224  6496.224     0.938
  9    Rem:p+      82 [2] (21)  8> {-1}
                                -0.000     0.000 -5938.436  5938.436     0.897
------------------------------------------------------------------------------
     Sum of momenta:                 0         0         0   1.3e+04   1.3e+04
------------------------------------------------------------------------------
Step 2 performed by ShowerHandler
--- intermediates:
 10         g      21 [1] (11,12)   {+2,-3}
                                -1.155     0.919     8.144     8.277     0.000
 11      ubar      -2 [10] (13,14)   {-3}
                                -1.955     2.613     4.717     4.357    -3.730
 13      ubar      -2 [11] (15,16)   {-4}
                                -3.418     2.437     5.642     2.375    -6.619
 15      ubar      -2 [13] (3)   {-1}
                                -4.806     2.061     9.515    -1.865   -10.696
 17         u       2 [2] (4)   {+1}
                                 0.457     0.319  -561.564   561.564    -0.000
 20    Rem:p+      82 [8] (22,23)   
                                 1.155    -0.919  6491.788  6491.791     5.020
 21    Rem:p+      82 [9] (24)   
                                -0.457    -0.319 -5938.369  5938.369     0.650
--- final:
 12         u       2 [10] (32)  >23 {+2}
                                 0.800    -1.694     3.427     3.920     0.325
 14         g      21 [11] (27,28)  22>>16 {+4,-3}
                                 1.463     0.177    -0.925     1.982     0.950
 16         g      21 [13] (25,26)  14>>24 {+1,-4}
                                 1.389     0.375    -3.873     4.240     0.950
 18        e-      11 [7]    
                                 0.353   -42.064  -363.529   365.955     0.001
 19        e+     -11 [6]    
                                -4.702    44.444  -188.519   193.744     0.001
 22         d       1 [20] (31)  >14 {+3}
                                 1.000     0.667   415.292   415.294     0.325
 23      uu_1    2203 [20] (32)  12> {-2}
                                 0.155    -1.586  6076.496  6076.496     0.650
 24      ud_0    2101 [21] (29)  16> {-1}
                                -0.457    -0.319 -5938.369  5938.369     0.650
------------------------------------------------------------------------------
     Sum of momenta:          1.32e-07         0         0   1.3e+04   1.3e+04
------------------------------------------------------------------------------
Step 3 performed by ClusterHadHandler
--- intermediates:
 25         u       2 [16] (29)   {+1}
                                 0.605    -0.139    -2.009     2.127     0.325
 26      ubar      -2 [16] (30)   {-4}
                                 0.784     0.515    -1.865     2.112     0.325
 27         u       2 [14] (30)   {+4}
                                 0.973     0.340    -0.329     1.129     0.325
 28      ubar      -2 [14] (31)   {-3}
                                 0.490    -0.163    -0.596     0.853     0.325
 29   Cluster      81 [24,25] (55,56)   
                                 0.148    -0.458 -5940.378  5940.496    37.560
 30   Cluster      81 [26,27] (61,62)   
                                 1.756     0.854    -2.194     3.242     1.371
 31   Cluster      81 [22,28] (33,34)   
                                 1.490     0.504   414.697   416.147    34.679
 32   Cluster      81 [12,23] (51,52)   
                                 0.955    -3.280  6079.924  6080.416    77.305
 33   Cluster      81 [31] (41,42)   
                                 0.619    -0.007    82.295    83.537    14.338
 34   Cluster      81 [31] (35,36)   
                                 0.870     0.510   332.401   332.610    11.734
 35   Cluster      81 [34] (39,40)   
                                 0.645     0.424   265.330   265.432     7.319
 36   Cluster      81 [34] (37,38)   
                                 0.226     0.087    67.071    67.178     3.774
 37   Cluster      81 [36] (63,64)   
                                 0.085     0.011    16.148    16.236     1.685
 38   Cluster      81 [36] (65,66)   
                                 0.140     0.076    50.923    50.941     1.367
 39   Cluster      81 [35] (67,68)   
                                 0.460     0.383   223.093   223.095     0.861
 40   Cluster      81 [35] (69,70)   
                                 0.185     0.040    42.238    42.337     2.896
 41   Cluster      81 [33] (49,50)   
                                 0.213    -0.026    18.222    18.905     5.029
 42   Cluster      81 [33] (43,44)   
                                 0.407     0.020    64.073    64.632     8.476
 43   Cluster      81 [42] (45,46)   
                                 0.339     0.038    62.215    62.519     6.151
 44   Cluster      81 [42] (71,72)   
                                 0.068    -0.018     1.858     2.113     1.004
 45   Cluster      81 [43] (47,48)   
                                 0.267     0.051    58.080    58.203     3.765
 46   Cluster      81 [43] (73,74)   
                                 0.072    -0.014     4.135     4.317     1.237
 47   Cluster      81 [45] (75,76)   
                                 0.189     0.061    51.415    51.420     0.706
 48   Cluster      81 [45] (77,78)   
                                 0.077    -0.010     6.665     6.783     1.253
 49   Cluster      81 [41] (79,80)   
                                 0.088    -0.025     1.736     2.315     1.530
 50   Cluster      81 [41] (81,82)   
                                 0.124    -0.001    16.487    16.589     1.841
 51   Cluster      81 [32] (53,54)   
                                 0.800    -1.697    21.414    21.906     4.217
 52   Cluster      81 [32] (83,84)   
                                 0.156    -1.583  6058.509  6058.510     2.372
 53   Cluster      81 [51] (85,86)   
                                 0.418    -0.886    10.484    10.818     2.480
 54   Cluster      81 [51] (87,88)   
                                 0.382    -0.811    10.930    11.088     1.635
 55   Cluster      81 [29] (57,58)   
                                 0.584    -0.153  -268.006   268.125     7.949
 56   Cluster      81 [29] (89,90)   
                                -0.436    -0.305 -5672.371  5672.371     1.441
 57   Cluster      81 [55] (59,60)   
                                 0.310    -0.080  -129.659   129.740     4.570
 58   Cluster      81 [55] (91,92)   
                                 0.274    -0.073  -138.347   138.385     3.215
 59   Cluster      81 [57] (93,94)   
                                 0.199    -0.051   -72.395    72.467     3.215
 60   Cluster      81 [57] (95,96)   
                                 0.111    -0.030   -57.265    57.274     1.023
--- final:
 18        e-      11 [7]    
                                 0.353   -42.064  -363.529   365.955     0.001
 19        e+     -11 [6]    
                                -4.702    44.444  -188.519   193.744     0.001
 61       pi0     111 [30] (97,98)   
                                 0.268     0.132    -0.783     0.849     0.135
 62      rho0     113 [30] (99,100)   
                                 1.489     0.722    -1.411     2.393     0.998
 63      a_2-    -215 [37] (101,102)   
                                -0.213     0.037    13.984    14.047     1.312
 64       pi0     111 [37] (105,106)   
                                 0.299    -0.027     2.164     2.189     0.135
 65       f_0 9010221 [38] (107,108)   
                                -0.225     0.012    36.224    36.237     0.956
 66       pi0     111 [38] (113,114)   
                                 0.365     0.064    14.699    14.705     0.135
 67       pi-    -211 [39]    
                                 0.141     0.122   131.512   131.512     0.140
 68        K+     321 [39]    
                                 0.319     0.262    91.581    91.583     0.494
 69    K*bar0    -313 [40] (115,116)   
                                 0.837     0.274    18.448    18.485     0.787
 70      f'_2     335 [40] (117,118)   
                                -0.653    -0.234    23.790    23.852     1.569
 71     omega     223 [44] (121,122)   
                                 0.116    -0.123     1.688     1.865     0.773
 72       pi-    -211 [44]    
                                -0.048     0.105     0.169     0.248     0.140
 73     omega     223 [46] (127,128)   
                                -0.308    -0.001     2.949     3.064     0.773
 74       pi0     111 [46] (133,134)   
                                 0.380    -0.012     1.185     1.252     0.135
 75       pi0     111 [47] (135,136)   
                                 0.333     0.002    13.903    13.908     0.135
 76       pi+     211 [47]    
                                -0.144     0.059    37.512    37.512     0.140
 77      rho+     213 [48] (137,138)   
                                 0.129    -0.155     6.385     6.434     0.763
 78       pi-    -211 [48]    
                                -0.052     0.145     0.280     0.349     0.140
 79       f_0 9010221 [49] (141,142)   
                                 0.143    -0.054     1.831     2.136     1.089
 80       pi-    -211 [49]    
                                -0.054     0.029    -0.095     0.180     0.140
 81       pi+     211 [50]    
                                 0.059    -0.570     7.871     7.893     0.140
 82      b_10   10113 [50] (143,144)   
                                 0.065     0.568     8.616     8.697     1.036
 83        p+    2212 [52]    
                                 0.047    -2.089  5216.911  5216.912     0.938
 84       pi0     111 [52] (153,154)   
                                 0.108     0.506   841.598   841.598     0.135
 85    Delta+    2214 [53] (155,156)   
                                -0.165    -0.215     3.303     3.521     1.191
 86     pbar-   -2212 [53]    
                                 0.583    -0.672     7.181     7.297     0.938
 87     omega     223 [54] (157,158)   
                                 0.204    -0.993    10.434    10.513     0.792
 88       pi+     211 [54]    
                                 0.178     0.182     0.496     0.575     0.140
 89        p+    2212 [56]    
                                -0.604    -0.501 -4177.659  4177.660     0.938
 90       pi-    -211 [56]    
                                 0.168     0.196 -1494.712  1494.712     0.140
 91Sigma*bar0   -3214 [58] (163,164)   
                                 0.247    -0.628  -106.116   106.127     1.354
 92    Sigma0    3212 [58] (169,170)   
                                 0.027     0.555   -32.231    32.258     1.193
 93    omega'  100223 [59] (175,176)   
                                -0.288    -0.016   -17.243    17.298     1.354
 94      a_2+     215 [59] (183,184)   
                                 0.487    -0.035   -55.152    55.168     1.243
 95       pi+     211 [60]    
                                -0.138     0.429   -21.585    21.590     0.140
 96       pi-    -211 [60]    
                                 0.249    -0.459   -35.679    35.683     0.140
------------------------------------------------------------------------------
     Sum of momenta:          1.32e-07         0         0   1.3e+04   1.3e+04
------------------------------------------------------------------------------
Step 4 performed by DecayHandler
--- intermediates:
101      rho0     113 [63] (103,104)   
                                -0.318    -0.285     7.516     7.569     0.783
107       pi0     111 [65] (109,110)   
                                 0.130    -0.029    30.503    30.504     0.135
108       pi0     111 [65] (111,112)   
                                -0.355     0.040     5.720     5.733     0.135
117     Kbar0    -311 [70] (119)   
                                 0.097    -0.395    15.129    15.143     0.498
118        K0     311 [70] (120)   
                                -0.750     0.161     8.661     8.709     0.498
121      rho+     213 [71] (123,124)   
                                -0.061    -0.144     0.403     0.560     0.356
123       pi0     111 [121] (125,126)   
                                -0.129    -0.016     0.186     0.264     0.135
127      rho-    -213 [73] (129,130)   
                                -0.102    -0.001     1.737     1.827     0.556
129       pi0     111 [127] (131,132)   
                                 0.003    -0.236     0.848     0.891     0.135
137       pi0     111 [77] (139,140)   
                                -0.219    -0.278     3.747     3.766     0.135
143     omega     223 [82] (145,146)   
                                 0.059     0.217     5.804     5.860     0.775
144       pi0     111 [82] (151,152)   
                                 0.007     0.351     2.812     2.837     0.135
145      rho-    -213 [143] (147,148)   
                                 0.229     0.147     4.376     4.413     0.503
147       pi0     111 [145] (149,150)   
                                -0.058     0.200     1.978     1.993     0.135
157      rho0     113 [87] (159,160)   
                                 0.186    -0.756     7.414     7.480     0.622
158       pi0     111 [87] (161,162)   
                                 0.018    -0.237     3.020     3.033     0.135
163Lambdabar0   -3122 [91] (165,166)   
                                 0.147    -0.704   -91.704    91.713     1.116
164       pi0     111 [91] (167,168)   
                                 0.100     0.076   -14.412    14.414     0.135
169   Lambda0    3122 [92] (171,172)   
                                -0.008     0.518   -31.804    31.827     1.116
172       pi0     111 [169] (173,174)   
                                -0.018     0.170    -4.285     4.291     0.135
175      b_1-  -10213 [93] (177,178)   
                                -0.144    -0.023   -12.737    12.788     1.132
177     omega     223 [175] (179,180)   
                                 0.129    -0.145    -8.638     8.676     0.785
180       pi0     111 [177] (181,182)   
                                 0.173     0.192    -1.418     1.447     0.135
183       eta     221 [94] (185,186)   
                                 0.648     0.332   -38.195    38.206     0.548
--- final:
 18        e-      11 [7]    
                                 0.353   -42.064  -363.529   365.955     0.001
 19        e+     -11 [6]    
                                -4.702    44.444  -188.519   193.744     0.001
 67       pi-    -211 [39]    
                                 0.141     0.122   131.512   131.512     0.140
 68        K+     321 [39]    
                                 0.319     0.262    91.581    91.583     0.494
 72       pi-    -211 [44]    
                                -0.048     0.105     0.169     0.248     0.140
 76       pi+     211 [47]    
                                -0.144     0.059    37.512    37.512     0.140
 78       pi-    -211 [48]    
                                -0.052     0.145     0.280     0.349     0.140
 80       pi-    -211 [49]    
                                -0.054     0.029    -0.095     0.180     0.140
 81       pi+     211 [50]    
                                 0.059    -0.570     7.871     7.893     0.140
 83        p+    2212 [52]    
                                 0.047    -2.089  5216.911  5216.912     0.938
 86     pbar-   -2212 [53]    
                                 0.583    -0.672     7.181     7.297     0.938
 88       pi+     211 [54]    
                                 0.178     0.182     0.496     0.575     0.140
 89        p+    2212 [56]    
                                -0.604    -0.501 -4177.659  4177.660     0.938
 90       pi-    -211 [56]    
                                 0.168     0.196 -1494.712  1494.712     0.140
 95       pi+     211 [60]    
                                -0.138     0.429   -21.585    21.590     0.140
 96       pi-    -211 [60]    
                                 0.249    -0.459   -35.679    35.683     0.140
 97     gamma      22 [61]    
                                 0.262     0.103    -0.763     0.814     0.000
 98     gamma      22 [61]    
                                 0.006     0.029    -0.020     0.035     0.000
 99       pi+     211 [62]    
                                 0.184    -0.098     0.060     0.258     0.140
100       pi-    -211 [62]    
                                 1.305     0.820    -1.471     2.135     0.140
102       pi-    -211 [63]    
                                 0.105     0.322     6.468     6.478     0.140
103       pi+     211 [101]    
                                -0.263    -0.309     7.248     7.260     0.140
104       pi-    -211 [101]    
                                -0.055     0.024     0.269     0.309     0.140
105     gamma      22 [64]    
                                 0.163     0.046     0.938     0.953     0.000
106     gamma      22 [64]    
                                 0.135    -0.073     1.226     1.236     0.000
109     gamma      22 [107]    
                                 0.036    -0.048     4.406     4.407     0.000
110     gamma      22 [107]    
                                 0.094     0.020    26.097    26.097     0.000
111     gamma      22 [108]    
                                -0.021     0.026     0.212     0.215     0.000
112     gamma      22 [108]    
                                -0.334     0.014     5.508     5.518     0.000
113     gamma      22 [66]    
                                 0.331     0.014    11.810    11.815     0.000
114     gamma      22 [66]    
                                 0.033     0.050     2.889     2.890     0.000
115        K-    -321 [69]    
                                 0.756     0.174    17.066    17.091     0.494
116       pi+     211 [69]    
                                 0.081     0.101     1.381     1.394     0.140
119      K_L0     130 [117]    
                                 0.097    -0.395    15.129    15.143     0.498
120      K_L0     130 [118]    
                                -0.750     0.161     8.661     8.709     0.498
122       pi-    -211 [71]    
                                 0.177     0.020     1.285     1.305     0.140
124       pi+     211 [121]    
                                 0.068    -0.128     0.217     0.296     0.140
125     gamma      22 [123]    
                                -0.104    -0.051     0.059     0.130     0.000
126     gamma      22 [123]    
                                -0.025     0.035     0.127     0.134     0.000
128       pi+     211 [73]    
                                -0.206    -0.001     1.212     1.237     0.140
130       pi-    -211 [127]    
                                -0.105     0.236     0.889     0.936     0.140
131     gamma      22 [129]    
                                 0.035    -0.186     0.769     0.792     0.000
132     gamma      22 [129]    
                                -0.031    -0.050     0.080     0.099     0.000
133     gamma      22 [74]    
                                 0.199    -0.067     0.529     0.569     0.000
134     gamma      22 [74]    
                                 0.181     0.054     0.656     0.683     0.000
135     gamma      22 [75]    
                                 0.072    -0.052     2.621     2.623     0.000
136     gamma      22 [75]    
                                 0.261     0.053    11.282    11.285     0.000
138       pi+     211 [77]    
                                 0.349     0.124     2.638     2.667     0.140
139     gamma      22 [137]    
                                -0.176    -0.151     1.871     1.885     0.000
140     gamma      22 [137]    
                                -0.043    -0.128     1.876     1.881     0.000
141       pi+     211 [79]    
                                -0.231     0.365     1.185     1.269     0.140
142       pi-    -211 [79]    
                                 0.374    -0.418     0.646     0.867     0.140
146       pi+     211 [143]    
                                -0.170     0.070     1.428     1.446     0.140
148       pi-    -211 [145]    
                                 0.287    -0.053     2.398     2.420     0.140
149     gamma      22 [147]    
                                 0.028     0.026     0.134     0.139     0.000
150     gamma      22 [147]    
                                -0.086     0.174     1.844     1.855     0.000
151     gamma      22 [144]    
                                -0.039     0.234     2.165     2.178     0.000
152     gamma      22 [144]    
                                 0.046     0.117     0.647     0.659     0.000
153     gamma      22 [84]    
                                -0.008     0.180   220.777   220.777     0.000
154     gamma      22 [84]    
                                 0.116     0.327   620.821   620.821     0.000
155        n0    2112 [85]    
                                -0.041    -0.143     3.073     3.217     0.940
156       pi+     211 [85]    
                                -0.124    -0.071     0.230     0.305     0.140
159       pi+     211 [157]    
                                -0.016    -0.208     0.777     0.817     0.140
160       pi-    -211 [157]    
                                 0.202    -0.548     6.637     6.664     0.140
161     gamma      22 [158]    
                                 0.037    -0.025     1.021     1.022     0.000
162     gamma      22 [158]    
                                -0.020    -0.213     2.000     2.011     0.000
165     pbar-   -2212 [163]    
                                 0.209    -0.648   -77.272    77.281     0.938
166       pi+     211 [163]    
                                -0.062    -0.057   -14.431    14.432     0.140
167     gamma      22 [164]    
                                -0.017     0.006    -0.317     0.317     0.000
168     gamma      22 [164]    
                                 0.117     0.070   -14.096    14.096     0.000
170     gamma      22 [92]    
                                 0.035     0.037    -0.427     0.430     0.000
171        n0    2112 [169]    
                                 0.010     0.348   -27.518    27.537     0.940
173     gamma      22 [172]    
                                -0.041     0.179    -4.079     4.083     0.000
174     gamma      22 [172]    
                                 0.022    -0.009    -0.207     0.208     0.000
176       pi+     211 [93]    
                                -0.145     0.007    -4.506     4.510     0.140
178       pi-    -211 [175]    
                                -0.273     0.122    -4.099     4.112     0.140
179     gamma      22 [177]    
                                -0.044    -0.337    -7.221     7.229     0.000
181     gamma      22 [180]    
                                 0.064     0.157    -1.004     1.018     0.000
182     gamma      22 [180]    
                                 0.109     0.036    -0.414     0.429     0.000
184       pi+     211 [94]    
                                -0.161    -0.367   -16.957    16.962     0.140
185     gamma      22 [183]    
                                 0.738     0.333   -35.940    35.949     0.000
186     gamma      22 [183]    
                                -0.089    -0.001    -2.255     2.257     0.000
------------------------------------------------------------------------------
     Sum of momenta:          1.32e-07         0         0   1.3e+04   1.3e+04
******************************************************************************
Event number 2 (id: LHC-Matchbox) performed by EventHandler
==============================================================================

--- Colliding particles:
  1        p+    2212  (8,10)   
                                 0.000     0.000  6500.000  6500.000     0.938
  2        p+    2212  (9,11)   
                                 0.000     0.000 -6500.000  6500.000     0.938
------------------------------------------------------------------------------
Primary sub-process performed by ME[u,ubar->e+,e-].BornVirtual
--- incoming:
  3         u       2 [10] (5)   {+1}
                                 0.000    -0.000  2278.952  2278.952     0.000
  4      ubar      -2 [14] (5)   {-1}
                                 0.000     0.000    -0.906     0.906     0.000
--- intermediates:
  5        Z0      23 [3,4] (6,7)   
                                 0.000    -0.000  2278.046  2279.858    90.885
--- outgoing:
  6        e+     -11 [5] (17)   
                               -23.710   -27.178  1832.508  1832.863     0.000
  7        e-      11 [5] (16)   
                                23.710    27.178   445.538   446.995     0.000
------------------------------------------------------------------------------
Step 1
--- intermediates:
  3         u       2 [10] (5)   {+1}
                                 0.000    -0.000  2278.952  2278.952     0.000
  4      ubar      -2 [14] (5)   {-1}
                                 0.000     0.000    -0.906     0.906     0.000
  5        Z0      23 [3,4] (6,7)   
                                 0.000    -0.000  2278.046  2279.858    90.885
--- final:
  6        e+     -11 [5] (17)   
                               -23.710   -27.178  1832.508  1832.863     0.000
  7        e-      11 [5] (16)   
                                23.710    27.178   445.538   446.995     0.000
  8    Rem:p+      82 [1] (18)  9> {-1}
                                 0.000     0.000  4221.048  4221.048     0.756
  9    Rem:p+      82 [2] (19)  >8 {+1}
                                -0.000     0.000 -6499.094  6499.094     0.938
------------------------------------------------------------------------------
     Sum of momenta:                 0         0         0   1.3e+04   1.3e+04
------------------------------------------------------------------------------
Step 2 performed by ShowerHandler
--- intermediates:
 10         u       2 [1] (3)   {+1}
                                -2.273     1.053  2278.951  2278.953    -0.000
 11      ubar      -2 [2] (12,13)   {-2}
                                 1.230    -0.303    -2.587     2.881    -0.000
 12      ubar      -2 [11] (14,15)   {-3}
                                -0.775    -1.173    -2.293     0.479    -2.646
 14      ubar      -2 [12] (4)   {-1}
                                -3.528     7.186   -45.248   -43.378   -15.158
 18    Rem:p+      82 [8] (22)   
                                 2.273    -1.053  4220.897  4220.897     0.650
 19    Rem:p+      82 [9] (20,21,23)   
                                -1.230     0.303 -6497.261  6497.269    10.637
 22      ud_0    2101 [18] (24,26)   {-1}
                                 2.273    -1.053  4220.897  4220.897     0.650
 23      uu_1    2203 [19] (25,27)   {-4}
                                -1.152    -0.108 -6373.772  6373.772     0.650
 26      ud_0    2101 [22] (28,30)   {-1}
                                 2.273    -1.053  3043.707  3043.708     0.650
 27      uu_1    2203 [23] (29,31)   {-4}
                                -1.152    -0.108 -4596.155  4596.155     0.650
 30      ud_0    2101 [26] (32,34)   {-1}
                                 2.273    -1.053  3043.707  3043.708     0.650
 31      uu_1    2203 [27] (33,35)   {-4}
                                -1.152    -0.108 -4596.155  4596.155     0.650
 34      ud_0    2101 [30] (36,38)   {-1}
                                 2.273    -1.053  3043.707  3043.708     0.650
 35      uu_1    2203 [31] (37,39)   {-4}
                                -1.152    -0.108 -4596.155  4596.155     0.650
 38      ud_0    2101 [34] (40,42)   {-1}
                                 2.273    -1.053  3043.707  3043.708     0.650
 39      uu_1    2203 [35] (41,43)   {-4}
                                -1.152    -0.108 -4596.155  4596.155     0.650
 42      ud_0    2101 [38] (44,46)   {-1}
                                 2.273    -1.053  3043.707  3043.708     0.650
 43      uu_1    2203 [39] (45,47)   {-4}
                                -1.152    -0.108 -4596.155  4596.155     0.650
 46      ud_0    2101 [42] (48,50)   {-1}
                                 2.273    -1.053  3043.707  3043.708     0.650
 47      uu_1    2203 [43] (49,51)   {-4}
                                -1.152    -0.108 -4596.155  4596.155     0.650
 50      ud_0    2101 [46] (52,54)   {-1}
                                 2.273    -1.053  1233.110  1233.113     0.650
 51      uu_1    2203 [47] (53,55)   {-4}
                                -1.152    -0.108 -1862.061  1862.061     0.650
 54      ud_0    2101 [50] (56,58)   {-1}
                                 2.273    -1.053  1233.110  1233.113     0.650
 55      uu_1    2203 [51] (57,59)   {-4}
                                -1.152    -0.108 -1862.061  1862.061     0.650
 58      ud_0    2101 [54] (60,62)   {-1}
                                 2.273    -1.053  1233.110  1233.113     0.650
 59      uu_1    2203 [55] (61,63)   {-4}
                                -1.152    -0.108 -1862.061  1862.061     0.650
 62      ud_0    2101 [58] (64,66)   {-1}
                                 2.273    -1.053  1233.110  1233.113     0.650
 63      uu_1    2203 [59] (65,67)   {-4}
                                -1.152    -0.108 -1862.061  1862.061     0.650
 66      ud_0    2101 [62] (68,70)   {-1}
                                 2.273    -1.053  1233.110  1233.113     0.650
 67      uu_1    2203 [63] (69,71)   {-4}
                                -1.152    -0.108 -1862.061  1862.061     0.650
 70      ud_0    2101 [66] (72,74)   {-1}
                                 2.273    -1.053  1233.110  1233.113     0.650
 71      uu_1    2203 [67] (73,75)   {-4}
                                -1.152    -0.108 -1862.061  1862.061     0.650
 74      ud_0    2101 [70] (76,78)   {-1}
                                 2.273    -1.053  1233.110  1233.113     0.650
 75      uu_1    2203 [71] (77,79)   {-4}
                                -1.152    -0.108 -1862.061  1862.061     0.650
--- final:
 13         g      21 [11] (82,83)  21>>15 {+3,-2}
                                 2.005     0.870    -0.295     2.401     0.950
 15         g      21 [12] (80,81)  13>>78 {+1,-3}
                                 2.753    -8.359    42.955    43.857     0.950
 16        e-      11 [7]    
                                22.572    28.793   436.844   438.373     0.001
 17        e+     -11 [6]    
                               -28.373   -20.554  1796.860  1797.201     0.001
 20         u       2 [19] (141)  >79 {+4}
                                -0.018     0.296   -11.869    11.877     0.325
 21         d       1 [19] (132)  >13 {+2}
                                -0.060     0.115  -111.620   111.620     0.325
 24         u       2 [22] (144)  >28 {+5}
                                 1.153     1.072   958.991   958.992     0.325
 25      ubar      -2 [23] (133)  29> {-6}
                                -1.153    -1.072 -1448.127  1448.128     0.325
 28         g      21 [26] (84,85)  24>>32 {+7,-5}
                                -2.296    -0.930   145.237   145.261     0.950
 29         g      21 [27] (86,87)  33>>25 {+6,-8}
                                 2.296     0.930  -219.327   219.343     0.950
 32         g      21 [30] (88,89)  28>>36 {+9,-7}
                                 0.632     0.589    46.867    46.884     0.950
 33         g      21 [31] (90,91)  37>>29 {+8,-10}
                                -0.632    -0.589   -70.784    70.796     0.950
 36         g      21 [34] (92,93)  32>>40 {+11,-9}
                                -3.976     1.082    16.878    17.400     0.950
 37         g      21 [35] (94,95)  41>>33 {+10,-12}
                                 3.976    -1.082   -25.724    26.069     0.950
 40         g      21 [38] (96,97)  36>>44 {+13,-11}
                                 2.255    -0.719     6.932     7.386     0.950
 41         g      21 [39] (98,99)  45>>37 {+12,-14}
                                -2.255     0.719   -10.787    11.085     0.950
 44         g      21 [42] (100,101)  40>>45 {+15,-13}
                                -0.232    -1.296     0.242     1.641     0.950
 45         g      21 [43] (102,103)  44>>41 {+14,-15}
                                 0.232     1.296    -0.824     1.820     0.950
 48         u       2 [46] (143)  >52 {+16}
                                -0.061    -1.377   818.695   818.696     0.325
 49      ubar      -2 [47] (149)  53> {-17}
                                 0.061     1.377 -1236.272  1236.273     0.325
 52         g      21 [50] (104,105)  48>>56 {+18,-16}
                                 1.609    -1.082   641.647   641.651     0.950
 53         g      21 [51] (106,107)  57>>49 {+17,-19}
                                -1.609     1.082  -968.922   968.925     0.950
 56         g      21 [54] (108,109)  52>>60 {+20,-18}
                                -2.965     0.156   216.904   216.926     0.950
 57         g      21 [55] (110,111)  61>>53 {+19,-21}
                                 2.965    -0.156  -327.547   327.561     0.950
 60         g      21 [58] (112,113)  56>>64 {+22,-20}
                                -1.699     1.358    56.444    56.494     0.950
 61         g      21 [59] (114,115)  65>>57 {+21,-23}
                                 1.699    -1.358   -85.256    85.289     0.950
 64         g      21 [62] (116,117)  60>>68 {+24,-22}
                                -0.209    -2.812    46.257    46.352     0.950
 65         g      21 [63] (118,119)  69>>61 {+23,-25}
                                 0.209     2.812   -69.895    69.958     0.950
 68         g      21 [66] (120,121)  64>>72 {+26,-24}
                                 2.035     1.283    17.959    18.144     0.950
 69         g      21 [67] (122,123)  73>>65 {+25,-27}
                                -2.035    -1.283   -27.208    27.331     0.950
 72         g      21 [70] (124,125)  68>>76 {+28,-26}
                                -2.852    -0.687     9.211     9.713     0.950
 73         g      21 [71] (126,127)  77>>69 {+27,-29}
                                 2.852     0.687   -14.178    14.509     0.950
 76         g      21 [74] (128,129)  72>>77 {+30,-28}
                                 1.166    -2.746     0.596     3.188     0.950
 77         g      21 [75] (130,131)  76>>73 {+29,-30}
                                -1.166     2.746    -1.932     3.679     0.950
 78      ud_0    2101 [74] (147)  15> {-1}
                                 2.273    -1.053  1233.110  1233.113     0.650
 79      uu_1    2203 [75] (148)  20> {-4}
                                -1.152    -0.108 -1862.061  1862.061     0.650
------------------------------------------------------------------------------
     Sum of momenta:                 0         0         0   1.3e+04   1.3e+04
------------------------------------------------------------------------------
Step 3 performed by ClusterHadHandler
--- intermediates:
 80         u       2 [15] (152)   {+1}
                                 2.252    -6.411    33.966    34.641     0.325
 81      ubar      -2 [15] (154)   {-3}
                                 0.501    -1.948     8.988     9.217     0.325
 82         u       2 [13] (145)   {+3}
                                 1.445     0.780     0.024     1.674     0.325
 83      ubar      -2 [13] (132)   {-2}
                                 0.560     0.090    -0.318     0.727     0.325
 84         u       2 [28] (147)   {+7}
                                -1.721    -0.543   114.616   114.631     0.325
 85      ubar      -2 [28] (143)   {-5}
                                -0.575    -0.387    30.620    30.630     0.325
 86         u       2 [29] (133)   {+6}
                                 0.322     0.051   -32.281    32.284     0.325
 87      ubar      -2 [29] (141)   {-8}
                                 1.974     0.879  -187.046   187.059     0.325
 88         d       1 [32] (155)   {+9}
                                 0.046     0.011    20.734    20.737     0.325
 89      dbar      -1 [32] (146)   {-7}
                                 0.586     0.579    26.133    26.148     0.325
 90         u       2 [33] (140)   {+8}
                                -0.127    -0.580   -41.082    41.087     0.325
 91      ubar      -2 [33] (156)   {-10}
                                -0.505    -0.010   -29.703    29.709     0.325
 92         u       2 [36] (142)   {+11}
                                -0.982     0.056     3.622     3.767     0.325
 93      ubar      -2 [36] (153)   {-9}
                                -2.994     1.026    13.256    13.632     0.325
 94         d       1 [37] (160)   {+10}
                                 2.062    -0.581   -11.220    11.428     0.325
 95      dbar      -1 [37] (139)   {-12}
                                 1.914    -0.500   -14.504    14.642     0.325
 96         u       2 [40] (158)   {+13}
                                 0.960     0.003     2.347     2.557     0.325
 97      ubar      -2 [40] (152)   {-11}
                                 1.295    -0.722     4.585     4.829     0.325
 98         u       2 [41] (138)   {+12}
                                -0.583     0.139    -4.250     4.304     0.325
 99      ubar      -2 [41] (159)   {-14}
                                -1.671     0.580    -6.537     6.780     0.325
100         u       2 [44] (150)   {+15}
                                -0.227    -0.139     0.032     0.421     0.325
101      ubar      -2 [44] (157)   {-13}
                                -0.005    -1.157     0.210     1.220     0.325
102         u       2 [45] (161)   {+14}
                                 0.159     0.202    -0.463     0.622     0.325
103      ubar      -2 [45] (145)   {-15}
                                 0.072     1.093    -0.360     1.198     0.325
104         d       1 [52] (134)   {+18}
                                 1.102    -1.049   464.501   464.503     0.325
105      dbar      -1 [52] (144)   {-16}
                                 0.507    -0.033   177.147   177.148     0.325
106         d       1 [53] (148)   {+17}
                                -0.461     0.714  -418.553   418.554     0.325
107      dbar      -1 [53] (140)   {-19}
                                -1.148     0.368  -550.370   550.371     0.325
108         u       2 [56] (135)   {+20}
                                -1.678    -0.254   120.276   120.288     0.325
109      ubar      -2 [56] (134)   {-18}
                                -1.287     0.410    96.628    96.638     0.325
110         u       2 [57] (149)   {+19}
                                 0.911     0.093  -133.360   133.363     0.325
111      ubar      -2 [57] (136)   {-21}
                                 2.054    -0.249  -194.187   194.198     0.325
112         u       2 [60] (146)   {+22}
                                -1.328     0.815    43.512    43.541     0.325
113      ubar      -2 [60] (135)   {-20}
                                -0.371     0.542    12.931    12.952     0.325
114         d       1 [61] (136)   {+21}
                                 1.371    -0.756   -53.028    53.052     0.325
115      dbar      -1 [61] (137)   {-23}
                                 0.328    -0.602   -32.228    32.237     0.325
116         d       1 [64] (154)   {+24}
                                 0.065    -1.850    25.642    25.711     0.325
117      dbar      -1 [64] (151)   {-22}
                                -0.274    -0.962    20.615    20.641     0.325
118         d       1 [65] (137)   {+23}
                                -0.032     0.755   -14.148    14.172     0.325
119      dbar      -1 [65] (161)   {-25}
                                 0.241     2.057   -55.747    55.786     0.325
120         d       1 [68] (151)   {+26}
                                 1.000     0.276     8.711     8.778     0.325
121      dbar      -1 [68] (155)   {-24}
                                 1.035     1.007     9.248     9.366     0.325
122         d       1 [69] (156)   {+25}
                                -0.842    -0.404   -14.226    14.260     0.325
123      dbar      -1 [69] (138)   {-27}
                                -1.193    -0.879   -12.982    13.071     0.325
124         d       1 [72] (153)   {+28}
                                -2.223    -0.278     6.929     7.290     0.325
125      dbar      -1 [72] (142)   {-26}
                                -0.629    -0.409     2.281     2.423     0.325
126         u       2 [73] (139)   {+27}
                                 1.474     0.021    -6.395     6.570     0.325
127      ubar      -2 [73] (160)   {-29}
                                 1.378     0.666    -7.783     7.939     0.325
128         d       1 [76] (157)   {+30}
                                 0.201    -1.213     0.073     1.274     0.325
129      dbar      -1 [76] (150)   {-28}
                                 0.965    -1.533     0.524     1.913     0.325
130         u       2 [77] (159)   {+29}
                                -0.325     0.675    -0.223     0.846     0.325
131      ubar      -2 [77] (158)   {-30}
                                -0.842     2.071    -1.709     2.833     0.325
132   Cluster      81 [21,83] (166,167)   
                                 0.501     0.205  -111.938   112.347     9.568
133   Cluster      81 [25,86] (162,163)   
                                -0.831    -1.021 -1480.408  1480.412     3.260
134   Cluster      81 [104,109] (172,173)   
                                -0.185    -0.639   561.129   561.141     3.701
135   Cluster      81 [108,113] (222,223)   
                                -2.049     0.288   133.207   133.240     2.135
136   Cluster      81 [111,114] (204,205)   
                                 3.425    -1.005  -247.215   247.250     2.182
137   Cluster      81 [115,118] (216,217)   
                                 0.296     0.153   -46.376    46.409     1.713
138   Cluster      81 [98,123] (182,183)   
                                -1.776    -0.740   -17.233    17.375     1.112
139   Cluster      81 [95,126] (198,199)   
                                 3.388    -0.479   -20.898    21.212     1.225
140   Cluster      81 [90,107] (184,185)   
                                -1.275    -0.212  -591.452   591.458     2.568
141   Cluster      81 [20,87] (188,189)   
                                 1.956     1.175  -198.915   198.936     1.764
142   Cluster      81 [92,125] (190,191)   
                                -1.611    -0.352     5.903     6.191     0.869
143   Cluster      81 [48,85] (180,181)   
                                -0.636    -1.764   849.315   849.326     3.847
144   Cluster      81 [24,105] (224,225)   
                                 1.659     1.039  1136.138  1136.140     1.248
145   Cluster      81 [82,103] (192,193)   
                                 1.517     1.874    -0.336     2.872     1.525
146   Cluster      81 [89,112] (194,195)   
                                -0.742     1.394    69.645    69.689     1.911
147   Cluster      81 [78,84] (178,179)   
                                 0.552    -1.596  1347.726  1347.743     6.634
148   Cluster      81 [79,106] (176,177)   
                                -1.613     0.607 -2280.613  2280.615     1.923
149   Cluster      81 [49,110] (220,221)   
                                 0.972     1.470 -1369.631  1369.636     2.969
150   Cluster      81 [100,129] (202,203)   
                                 0.738    -1.672     0.556     2.335     1.343
151   Cluster      81 [117,120] (200,201)   
                                 0.726    -0.686    29.325    29.420     2.132
152   Cluster      81 [80,97] (186,187)   
                                 3.546    -7.133    38.551    39.470     2.873
153   Cluster      81 [93,124] (196,197)   
                                -5.217     0.747    20.185    20.922     1.586
154   Cluster      81 [81,116] (208,209)   
                                 0.566    -3.799    34.631    34.928     2.429
155   Cluster      81 [88,121] (206,207)   
                                 1.081     1.018    29.982    30.103     2.242
156   Cluster      81 [91,122] (210,211)   
                                -1.348    -0.414   -43.928    43.969     1.251
157   Cluster      81 [101,128] (212,213)   
                                 0.197    -2.370     0.283     2.494     0.696
158   Cluster      81 [96,131] (174,175)   
                                 0.118     2.075     0.638     5.390     4.932
159   Cluster      81 [99,130] (218,219)   
                                -1.996     1.255    -6.760     7.627     2.629
160   Cluster      81 [94,127] (214,215)   
                                 3.441     0.084   -19.003    19.367     1.445
161   Cluster      81 [102,119] (164,165)   
                                 0.401     2.259   -56.210    56.408     4.124
162   Cluster      81 [133] (226,227)   
                                -0.752    -0.735 -1007.424  1007.425     1.040
163   Cluster      81 [133] (228,229)   
                                -0.078    -0.286  -472.984   472.987     1.684
164   Cluster      81 [161] (230,231)   
                                 0.125     0.225    -2.440     2.556     0.719
165   Cluster      81 [161] (232,233)   
                                 0.276     2.034   -53.770    53.852     2.124
166   Cluster      81 [132] (234,235)   
                                 0.366     0.062    -3.137     3.405     1.272
167   Cluster      81 [132] (168,169)   
                                 0.135     0.143  -108.801   108.942     5.541
168   Cluster      81 [167] (236,237)   
                                -0.020     0.028   -28.154    28.166     0.827
169   Cluster      81 [167] (170,171)   
                                 0.155     0.115   -80.647    80.776     4.559
170   Cluster      81 [169] (238,239)   
                                 0.192     0.066   -31.428    31.543     2.683
171   Cluster      81 [169] (240,241)   
                                -0.037     0.049   -49.219    49.233     1.173
172   Cluster      81 [134] (242,243)   
                                 0.782    -0.893   445.741   445.745     1.535
173   Cluster      81 [134] (244,245)   
                                -0.967     0.254   115.388   115.396     0.967
174   Cluster      81 [158] (246,247)   
                                 0.484     0.778     1.313     3.186     2.755
175   Cluster      81 [158] (248,249)   
                                -0.365     1.297    -0.675     2.203     1.607
176   Cluster      81 [148] (250,251)   
                                -0.502     0.364  -634.234   634.234     0.654
177   Cluster      81 [148] (252,253)   
                                -1.111     0.242 -1646.380  1646.381     1.189
178   Cluster      81 [147] (254,255)   
                                -1.436    -0.605   214.425   214.439     1.906
179   Cluster      81 [147] (256,257)   
                                 1.987    -0.991  1133.301  1133.305     1.562
180   Cluster      81 [143] (258,259)   
                                -0.079    -0.552   308.387   308.389     0.741
181   Cluster      81 [143] (260,261)   
                                -0.557    -1.212   540.928   540.937     2.895
--- final:
 16        e-      11 [7]    
                                22.572    28.793   436.844   438.373     0.001
 17        e+     -11 [6]    
                               -28.373   -20.554  1796.860  1797.201     0.001
182      rho+     213 [138] (262,263)   
                                -1.046    -0.525   -12.661    12.739     0.778
183       pi0     111 [138] (266,267)   
                                -0.731    -0.216    -4.571     4.636     0.135
184        n0    2112 [140]    
                                -0.351     0.433  -171.300   171.303     0.940
185 Deltabar+   -1114 [140] (268,269)   
                                -0.924    -0.645  -420.152   420.155     1.294
186      rho+     213 [152] (270,271)   
                                 0.185    -1.147     9.137     9.237     0.708
187      a_2-    -215 [152] (274,275)   
                                 3.362    -5.985    29.415    30.233     1.298
188      rho+     213 [141] (278,279)   
                                 0.531     0.755   -66.921    66.932     0.733
189      rho-    -213 [141] (282,283)   
                                 1.425     0.420  -131.994   132.004     0.758
190       pi+     211 [142]    
                                -0.529    -0.016     3.342     3.387     0.140
191       pi0     111 [142] (286,287)   
                                -1.082    -0.336     2.561     2.804     0.135
192       eta     221 [145] (288..290)   
                                 0.861     0.788    -0.798     1.516     0.548
193       pi0     111 [145] (293,294)   
                                 0.656     1.085     0.461     1.356     0.135
194   omega''   30223 [146] (295,296)   
                                -0.647     1.178    63.451    63.489     1.739
195       pi+     211 [146]    
                                -0.095     0.216     6.194     6.200     0.140
196       pi-    -211 [153]    
                                -1.723     0.275     6.936     7.154     0.140
197       f_1   20223 [153] (301..303)   
                                -3.494     0.472    13.249    13.768     1.266
198     omega     223 [139] (306,307)   
                                 1.872    -0.168   -13.432    13.586     0.788
199       pi+     211 [139]    
                                 1.516    -0.311    -7.466     7.626     0.140
200      eta'     331 [151] (312..314)   
                                 0.991    -0.740    15.003    15.084     0.958
201       eta     221 [151] (315..317)   
                                -0.265     0.054    14.322    14.335     0.548
202       pi+     211 [150]    
                                 0.210    -0.366     0.572     0.724     0.140
203     omega     223 [150] (318,319)   
                                 0.528    -1.306    -0.016     1.611     0.781
204      rho-    -213 [136] (324,325)   
                                 0.475    -0.047   -89.367    89.372     0.801
205       pi0     111 [136] (328,329)   
                                 2.951    -0.958  -157.848   157.878     0.135
206       K*0     313 [155] (330,331)   
                                 0.286     0.870    13.248    13.310     0.893
207    K*bar0    -313 [155] (332,333)   
                                 0.795     0.149    16.734    16.793     1.147
208     omega     223 [154] (334,335)   
                                 0.714    -2.019    16.448    16.606     0.781
209      a_2-    -215 [154] (340,341)   
                                -0.149    -1.779    18.182    18.322     1.382
210       pi-    -211 [156]    
                                -0.857     0.009   -19.444    19.463     0.140
211     omega     223 [156] (344,345)   
                                -0.491    -0.423   -24.484    24.505     0.782
212       pi-    -211 [157]    
                                 0.100    -1.503    -0.132     1.519     0.140
213       pi0     111 [157] (350,351)   
                                 0.096    -0.867     0.415     0.975     0.135
214      a_10   20113 [160] (352,353)   
                                 2.883    -0.072   -15.802    16.110     1.232
215       pi-    -211 [160]    
                                 0.557     0.156    -3.202     3.257     0.140
216     a'_00   10111 [137] (358,359)   
                                 0.430     0.097   -40.073    40.103     1.479
217       pi0     111 [137] (368,369)   
                                -0.135     0.057    -6.303     6.306     0.135
218       pi0     111 [159] (370,371)   
                                -1.020     0.131    -0.697     1.250     0.135
219       f_1   20223 [159] (372,373)   
                                -0.976     1.124    -6.062     6.377     1.301
220     rho'0  100113 [149] (377,378)   
                                 1.205     0.649  -641.342   641.345     1.412
221       f_2     225 [149] (379,380)   
                                -0.233     0.821  -728.289   728.291     1.104
222     omega     223 [135] (381,382)   
                                -0.196     0.407    26.599    26.615     0.791
223       eta     221 [135] (387..389)   
                                -1.853    -0.119   106.608   106.626     0.548
224       pi+     211 [144]    
                                 0.464     0.356   607.149   607.149     0.140
225       eta     221 [144] (392..394)   
                                 1.195     0.683   528.989   528.991     0.548
226       pi0     111 [162] (401,402)   
                                -0.043    -0.495  -524.320   524.320     0.135
227        K-    -321 [162]    
                                -0.709    -0.240  -483.104   483.105     0.494
228       pi+     211 [163]    
                                 0.076    -0.100    -8.069     8.071     0.140
229       K*0     313 [163] (403,404)   
                                -0.154    -0.186  -464.915   464.916     0.882
230       pi+     211 [164]    
                                -0.076     0.023    -2.040     2.046     0.140
231       pi-    -211 [164]    
                                 0.201     0.202    -0.400     0.511     0.140
232     nbar0   -2112 [165]    
                                -0.296     1.102   -31.335    31.370     0.940
233        p+    2212 [165]    
                                 0.572     0.933   -22.435    22.481     0.938
234       pi-    -211 [166]    
                                -0.207     0.022    -0.495     0.555     0.140
235    K*bar0    -313 [166] (405,406)   
                                 0.573     0.040    -2.642     2.850     0.902
236       pi-    -211 [168]    
                                 0.321     0.219   -13.552    13.559     0.140
237       pi+     211 [168]    
                                -0.341    -0.190   -14.602    14.608     0.140
238K_2(1820)+   20325 [170] (407,408)   
                                 0.649    -0.174   -17.423    17.520     1.712
239        K-    -321 [170]    
                                -0.457     0.240   -14.004    14.022     0.494
240       pi0     111 [171] (419,420)   
                                -0.197     0.107    -3.104     3.115     0.135
241        K0     311 [171] (421)   
                                 0.160    -0.058   -46.115    46.118     0.498
242       pi-    -211 [172]    
                                -0.087    -0.294    29.720    29.722     0.140
243       K*+     323 [172] (422,423)   
                                 0.868    -0.599   416.021   416.023     0.902
244       pi0     111 [173] (425,426)   
                                -0.298    -0.162    16.668    16.672     0.135
245        K-    -321 [173]    
                                -0.669     0.416    98.720    98.724     0.494
246       pi+     211 [174]    
                                -0.621     0.935     0.148     1.141     0.140
247      a_2-    -215 [174] (427,428)   
                                 1.105    -0.158     1.165     2.045     1.257
248       pi-    -211 [175]    
                                -0.091     0.147     0.213     0.308     0.140
249      rho+     213 [175] (431,432)   
                                -0.274     1.150    -0.888     1.895     1.185
250       pi-    -211 [176]    
                                -0.237     0.370  -197.444   197.444     0.140
251       pi0     111 [176] (435,436)   
                                -0.265    -0.006  -436.790   436.790     0.135
252        p+    2212 [177]    
                                -1.127     0.164 -1527.079  1527.080     0.938
253       pi+     211 [177]    
                                 0.017     0.078  -119.301   119.301     0.140
254        n0    2112 [178]    
                                -0.674    -0.453   111.061   111.068     0.940
255     nbar0   -2112 [178]    
                                -0.762    -0.152   103.364   103.371     0.940
256        p+    2212 [179]    
                                 1.554    -0.278   852.912   852.914     0.938
257       pi0     111 [179] (437..439)   
                                 0.433    -0.714   280.389   280.391     0.135
258       pi+     211 [180]    
                                 0.163    -0.440   259.868   259.868     0.140
259       pi-    -211 [180]    
                                -0.242    -0.111    48.520    48.521     0.140
260pbar(1535)  -22212 [181] (440,441)   
                                -0.327    -0.167   373.791   373.794     1.535
261        p+    2212 [181]    
                                -0.229    -1.045   167.137   167.143     0.938
------------------------------------------------------------------------------
     Sum of momenta:                 0         0         0   1.3e+04   1.3e+04
------------------------------------------------------------------------------
Step 4 performed by DecayHandler
--- intermediates:
262       pi0     111 [182] (264,265)   
                                -0.087     0.085    -0.707     0.730     0.135
270       pi0     111 [186] (272,273)   
                                 0.427    -0.755     5.727     5.794     0.135
274      rho0     113 [187] (276,277)   
                                 2.316    -4.915    23.550    24.179     0.700
278       pi0     111 [188] (280,281)   
                                 0.046    -0.073    -4.529     4.532     0.135
282       pi0     111 [189] (284,285)   
                                 0.136     0.229   -13.563    13.566     0.135
290       pi0     111 [192] (291,292)   
                                 0.214     0.176    -0.126     0.333     0.135
295      rho-    -213 [194] (297,298)   
                                 0.242     0.220    30.820    30.832     0.780
297       pi0     111 [295] (299,300)   
                                -0.048     0.124     1.848     1.858     0.135
301      rho0     113 [197] (304,305)   
                                -1.273     0.280     5.627     5.814     0.664
306      rho0     113 [198] (308,309)   
                                 1.614    -0.016   -11.550    11.675     0.551
307       pi0     111 [198] (310,311)   
                                 0.259    -0.152    -1.883     1.911     0.135
318      rho0     113 [203] (320,321)   
                                 0.414    -0.929    -0.201     1.155     0.510
319       pi0     111 [203] (322,323)   
                                 0.114    -0.377     0.185     0.455     0.135
324       pi0     111 [204] (326,327)   
                                 0.180     0.148   -72.793    72.794     0.135
334      rho+     213 [208] (336,337)   
                                 0.398    -1.722    13.005    13.132     0.449
336       pi0     111 [334] (338,339)   
                                 0.024    -0.512     4.749     4.778     0.135
340      rho0     113 [209] (342,343)   
                                -0.358    -1.084    14.477    14.543     0.794
344      rho0     113 [211] (346,347)   
                                -0.379    -0.163   -19.064    19.076     0.536
345       pi0     111 [211] (348,349)   
                                -0.113    -0.260    -5.421     5.430     0.135
352     rho'- -100213 [214] (354,355)   
                                 2.139    -0.050    -9.813    10.074     0.776
355       pi0     111 [352] (356,357)   
                                 0.558    -0.329    -3.088     3.158     0.135
358      rho0     113 [216] (360,361)   
                                 0.133    -0.131   -13.158    13.173     0.600
359     omega     223 [216] (362,363)   
                                 0.297     0.228   -26.915    26.930     0.807
362      rho-    -213 [359] (364,365)   
                                -0.006     0.047   -15.862    15.870     0.508
364       pi0     111 [362] (366,367)   
                                -0.010     0.150    -2.900     2.907     0.135
372      a_0- -9000211 [219] (374,375)   
                                -0.927     0.829    -4.901     5.169     1.075
375        K0     311 [372] (376)   
                                -0.513     0.445    -1.938     2.113     0.498
381      rho0     113 [222] (383,384)   
                                -0.365     0.250    20.679    20.688     0.447
382       pi0     111 [222] (385,386)   
                                 0.169     0.158     5.920     5.926     0.135
389       pi0     111 [223] (390,391)   
                                -0.374    -0.073    23.243    23.247     0.135
392       pi0     111 [225] (395,396)   
                                 0.678     0.360   245.769   245.770     0.135
393       pi0     111 [225] (397,398)   
                                 0.352     0.154   145.842   145.842     0.135
394       pi0     111 [225] (399,400)   
                                 0.165     0.169   137.378   137.379     0.135
407     K*_2+     325 [238] (409,410)   
                                 0.555    -0.026   -15.982    16.061     1.501
408       pi0     111 [238] (417,418)   
                                 0.094    -0.148    -1.442     1.459     0.135
409       K*+     323 [407] (411,412)   
                                 0.631    -0.145    -7.573     7.650     0.874
410       pi0     111 [407] (415,416)   
                                -0.076     0.119    -8.409     8.411     0.135
412       pi0     111 [409] (413,414)   
                                 0.550    -0.018    -4.314     4.351     0.135
422        K0     311 [243] (424)   
                                 0.900    -0.356   300.104   300.106     0.498
427      rho0     113 [247] (429,430)   
                                 0.686     0.280     0.690     1.263     0.756
431       pi0     111 [249] (433,434)   
                                -0.119     1.176    -0.240     1.214     0.135
--- final:
 16        e-      11 [7]    
                                22.572    28.793   436.844   438.373     0.001
 17        e+     -11 [6]    
                               -28.373   -20.554  1796.860  1797.201     0.001
184        n0    2112 [140]    
                                -0.351     0.433  -171.300   171.303     0.940
190       pi+     211 [142]    
                                -0.529    -0.016     3.342     3.387     0.140
195       pi+     211 [146]    
                                -0.095     0.216     6.194     6.200     0.140
196       pi-    -211 [153]    
                                -1.723     0.275     6.936     7.154     0.140
199       pi+     211 [139]    
                                 1.516    -0.311    -7.466     7.626     0.140
202       pi+     211 [150]    
                                 0.210    -0.366     0.572     0.724     0.140
210       pi-    -211 [156]    
                                -0.857     0.009   -19.444    19.463     0.140
212       pi-    -211 [157]    
                                 0.100    -1.503    -0.132     1.519     0.140
215       pi-    -211 [160]    
                                 0.557     0.156    -3.202     3.257     0.140
224       pi+     211 [144]    
                                 0.464     0.356   607.149   607.149     0.140
227        K-    -321 [162]    
                                -0.709    -0.240  -483.104   483.105     0.494
228       pi+     211 [163]    
                                 0.076    -0.100    -8.069     8.071     0.140
230       pi+     211 [164]    
                                -0.076     0.023    -2.040     2.046     0.140
231       pi-    -211 [164]    
                                 0.201     0.202    -0.400     0.511     0.140
232     nbar0   -2112 [165]    
                                -0.296     1.102   -31.335    31.370     0.940
233        p+    2212 [165]    
                                 0.572     0.933   -22.435    22.481     0.938
234       pi-    -211 [166]    
                                -0.207     0.022    -0.495     0.555     0.140
236       pi-    -211 [168]    
                                 0.321     0.219   -13.552    13.559     0.140
237       pi+     211 [168]    
                                -0.341    -0.190   -14.602    14.608     0.140
239        K-    -321 [170]    
                                -0.457     0.240   -14.004    14.022     0.494
242       pi-    -211 [172]    
                                -0.087    -0.294    29.720    29.722     0.140
245        K-    -321 [173]    
                                -0.669     0.416    98.720    98.724     0.494
246       pi+     211 [174]    
                                -0.621     0.935     0.148     1.141     0.140
248       pi-    -211 [175]    
                                -0.091     0.147     0.213     0.308     0.140
250       pi-    -211 [176]    
                                -0.237     0.370  -197.444   197.444     0.140
252        p+    2212 [177]    
                                -1.127     0.164 -1527.079  1527.080     0.938
253       pi+     211 [177]    
                                 0.017     0.078  -119.301   119.301     0.140
254        n0    2112 [178]    
                                -0.674    -0.453   111.061   111.068     0.940
255     nbar0   -2112 [178]    
                                -0.762    -0.152   103.364   103.371     0.940
256        p+    2212 [179]    
                                 1.554    -0.278   852.912   852.914     0.938
258       pi+     211 [180]    
                                 0.163    -0.440   259.868   259.868     0.140
259       pi-    -211 [180]    
                                -0.242    -0.111    48.520    48.521     0.140
261        p+    2212 [181]    
                                -0.229    -1.045   167.137   167.143     0.938
263       pi+     211 [182]    
                                -0.958    -0.610   -11.954    12.009     0.140
264     gamma      22 [262]    
                                -0.120     0.060    -0.613     0.627     0.000
265     gamma      22 [262]    
                                 0.032     0.025    -0.094     0.103     0.000
266     gamma      22 [183]    
                                -0.505    -0.204    -3.038     3.086     0.000
267     gamma      22 [183]    
                                -0.225    -0.011    -1.534     1.550     0.000
268     nbar0   -2112 [185]    
                                -0.567    -0.704  -291.087   291.090     0.940
269       pi+     211 [185]    
                                -0.357     0.059  -129.065   129.065     0.140
271       pi+     211 [186]    
                                -0.242    -0.393     3.410     3.444     0.140
272     gamma      22 [270]    
                                 0.136    -0.377     2.554     2.585     0.000
273     gamma      22 [270]    
                                 0.290    -0.378     3.173     3.208     0.000
275       pi-    -211 [187]    
                                 1.046    -1.071     5.865     6.054     0.140
276       pi+     211 [274]    
                                 0.141    -0.767     3.485     3.574     0.140
277       pi-    -211 [274]    
                                 2.175    -4.148    20.065    20.605     0.140
279       pi+     211 [188]    
                                 0.485     0.828   -62.392    62.400     0.140
280     gamma      22 [278]    
                                 0.046    -0.096    -4.370     4.371     0.000
281     gamma      22 [278]    
                                 0.001     0.022    -0.159     0.161     0.000
283       pi-    -211 [189]    
                                 1.288     0.191  -118.431   118.438     0.140
284     gamma      22 [282]    
                                 0.148     0.129    -8.274     8.277     0.000
285     gamma      22 [282]    
                                -0.012     0.100    -5.289     5.290     0.000
286     gamma      22 [191]    
                                -0.131    -0.072     0.261     0.301     0.000
287     gamma      22 [191]    
                                -0.951    -0.263     2.300     2.503     0.000
288       pi+     211 [192]    
                                 0.438     0.303    -0.255     0.607     0.140
289       pi-    -211 [192]    
                                 0.209     0.309    -0.417     0.577     0.140
291     gamma      22 [290]    
                                 0.223     0.126    -0.116     0.281     0.000
292     gamma      22 [290]    
                                -0.009     0.050    -0.010     0.052     0.000
293     gamma      22 [193]    
                                 0.015     0.071     0.006     0.073     0.000
294     gamma      22 [193]    
                                 0.641     1.014     0.455     1.283     0.000
296       pi+     211 [194]    
                                -0.888     0.958    32.631    32.657     0.140
298       pi-    -211 [295]    
                                 0.290     0.097    28.972    28.974     0.140
299     gamma      22 [297]    
                                -0.029    -0.012     0.110     0.114     0.000
300     gamma      22 [297]    
                                -0.019     0.135     1.739     1.744     0.000
302       pi+     211 [197]    
                                -1.457     0.125     5.535     5.727     0.140
303       pi-    -211 [197]    
                                -0.764     0.067     2.087     2.228     0.140
304       pi+     211 [301]    
                                -0.795    -0.050     2.414     2.546     0.140
305       pi-    -211 [301]    
                                -0.478     0.330     3.213     3.268     0.140
308       pi+     211 [306]    
                                 0.445     0.167    -2.656     2.702     0.140
309       pi-    -211 [306]    
                                 1.168    -0.183    -8.894     8.973     0.140
310     gamma      22 [307]    
                                 0.209    -0.062    -1.457     1.474     0.000
311     gamma      22 [307]    
                                 0.049    -0.090    -0.425     0.438     0.000
312       pi+     211 [200]    
                                 0.458    -0.285     8.214     8.233     0.140
313       pi-    -211 [200]    
                                -0.043    -0.169     2.996     3.005     0.140
314     gamma      22 [200]    
                                 0.576    -0.287     3.793     3.847     0.000
315       pi+     211 [201]    
                                -0.016     0.016     1.247     1.255     0.140
316       pi-    -211 [201]    
                                -0.152    -0.061     9.268     9.270     0.140
317     gamma      22 [201]    
                                -0.096     0.099     3.807     3.810     0.000
320       pi+     211 [318]    
                                 0.274    -0.195     0.016     0.365     0.140
321       pi-    -211 [318]    
                                 0.140    -0.734    -0.217     0.791     0.140
322     gamma      22 [319]    
                                 0.043    -0.016     0.005     0.046     0.000
323     gamma      22 [319]    
                                 0.071    -0.361     0.181     0.410     0.000
325       pi-    -211 [204]    
                                 0.295    -0.195   -16.574    16.578     0.140
326     gamma      22 [324]    
                                 0.090     0.140   -56.825    56.826     0.000
327     gamma      22 [324]    
                                 0.090     0.008   -15.968    15.968     0.000
328     gamma      22 [205]    
                                 0.946    -0.279   -47.353    47.364     0.000
329     gamma      22 [205]    
                                 2.004    -0.679  -110.494   110.515     0.000
330        K+     321 [206]    
                                 0.295     0.844     8.755     8.815     0.494
331       pi-    -211 [206]    
                                -0.008     0.026     4.493     4.495     0.140
332        K-    -321 [207]    
                                 0.934    -0.080    10.996    11.047     0.494
333       pi+     211 [207]    
                                -0.138     0.228     5.739     5.746     0.140
335       pi-    -211 [208]    
                                 0.316    -0.298     3.443     3.474     0.140
337       pi+     211 [334]    
                                 0.374    -1.209     8.256     8.354     0.140
338     gamma      22 [336]    
                                -0.004    -0.424     4.239     4.260     0.000
339     gamma      22 [336]    
                                 0.028    -0.089     0.509     0.518     0.000
341       pi-    -211 [209]    
                                 0.209    -0.695     3.706     3.779     0.140
342       pi+     211 [340]    
                                -0.273    -0.013     3.369     3.383     0.140
343       pi-    -211 [340]    
                                -0.085    -1.071    11.107    11.160     0.140
346       pi+     211 [344]    
                                -0.431    -0.141   -16.948    16.955     0.140
347       pi-    -211 [344]    
                                 0.052    -0.022    -2.115     2.121     0.140
348     gamma      22 [345]    
                                -0.055    -0.185    -4.518     4.522     0.000
349     gamma      22 [345]    
                                -0.058    -0.075    -0.903     0.908     0.000
350     gamma      22 [213]    
                                 0.123    -0.814     0.394     0.913     0.000
351     gamma      22 [213]    
                                -0.026    -0.053     0.021     0.062     0.000
353       pi+     211 [214]    
                                 0.744    -0.022    -5.988     6.036     0.140
354       pi-    -211 [352]    
                                 1.580     0.279    -6.725     6.915     0.140
356     gamma      22 [355]    
                                 0.280    -0.088    -1.397     1.428     0.000
357     gamma      22 [355]    
                                 0.278    -0.242    -1.691     1.731     0.000
360       pi+     211 [358]    
                                 0.284    -0.132    -4.688     4.701     0.140
361       pi-    -211 [358]    
                                -0.151     0.000    -8.470     8.472     0.140
363       pi+     211 [359]    
                                 0.302     0.181   -11.054    11.060     0.140
365       pi-    -211 [362]    
                                 0.005    -0.103   -12.962    12.963     0.140
366     gamma      22 [364]    
                                -0.011     0.025    -0.084     0.089     0.000
367     gamma      22 [364]    
                                 0.000     0.125    -2.815     2.818     0.000
368     gamma      22 [217]    
                                -0.031    -0.043    -1.306     1.307     0.000
369     gamma      22 [217]    
                                -0.103     0.100    -4.997     4.999     0.000
370     gamma      22 [218]    
                                -0.271     0.095    -0.184     0.341     0.000
371     gamma      22 [218]    
                                -0.749     0.036    -0.513     0.909     0.000
373       pi+     211 [219]    
                                -0.049     0.294    -1.162     1.207     0.140
374        K-    -321 [372]    
                                -0.414     0.385    -2.963     3.057     0.494
376      K_L0     130 [375]    
                                -0.513     0.445    -1.938     2.113     0.498
377       pi+     211 [220]    
                                 0.681     1.015  -498.466   498.467     0.140
378       pi-    -211 [220]    
                                 0.524    -0.366  -142.876   142.878     0.140
379       pi-    -211 [221]    
                                -0.367    -0.086  -335.928   335.928     0.140
380       pi+     211 [221]    
                                 0.134     0.907  -392.361   392.363     0.140
383       pi+     211 [381]    
                                -0.291     0.241    18.230    18.234     0.140
384       pi-    -211 [381]    
                                -0.074     0.009     2.449     2.454     0.140
385     gamma      22 [382]    
                                 0.061    -0.008     2.158     2.159     0.000
386     gamma      22 [382]    
                                 0.107     0.165     3.762     3.767     0.000
387       pi+     211 [223]    
                                -1.278    -0.039    70.125    70.136     0.140
388       pi-    -211 [223]    
                                -0.200    -0.007    13.241    13.243     0.140
390     gamma      22 [389]    
                                -0.139     0.037     7.474     7.475     0.000
391     gamma      22 [389]    
                                -0.235    -0.110    15.769    15.771     0.000
395     gamma      22 [392]    
                                 0.531     0.216   184.030   184.031     0.000
396     gamma      22 [392]    
                                 0.148     0.144    61.739    61.739     0.000
397     gamma      22 [393]    
                                 0.195     0.039    55.122    55.122     0.000
398     gamma      22 [393]    
                                 0.156     0.116    90.720    90.720     0.000
399     gamma      22 [394]    
                                 0.020    -0.022    10.355    10.355     0.000
400     gamma      22 [394]    
                                 0.145     0.191   127.023   127.023     0.000
401     gamma      22 [226]    
                                -0.086    -0.364  -358.017   358.017     0.000
402     gamma      22 [226]    
                                 0.044    -0.131  -166.303   166.303     0.000
403        K+     321 [229]    
                                -0.347     0.012  -319.327   319.328     0.494
404       pi-    -211 [229]    
                                 0.193    -0.198  -145.588   145.589     0.140
405        K-    -321 [235]    
                                 0.086     0.196    -1.281     1.390     0.494
406       pi+     211 [235]    
                                 0.488    -0.157    -1.360     1.460     0.140
411        K+     321 [409]    
                                 0.081    -0.127    -3.259     3.299     0.494
413     gamma      22 [412]    
                                 0.521     0.013    -4.087     4.120     0.000
414     gamma      22 [412]    
                                 0.029    -0.031    -0.227     0.231     0.000
415     gamma      22 [410]    
                                -0.084     0.042    -6.508     6.509     0.000
416     gamma      22 [410]    
                                 0.008     0.077    -1.900     1.902     0.000
417     gamma      22 [408]    
                                 0.060    -0.037    -0.214     0.226     0.000
418     gamma      22 [408]    
                                 0.033    -0.111    -1.227     1.233     0.000
419     gamma      22 [240]    
                                -0.022    -0.010    -1.049     1.049     0.000
420     gamma      22 [240]    
                                -0.175     0.117    -2.055     2.066     0.000
421      K_L0     130 [241]    
                                 0.160    -0.058   -46.115    46.118     0.498
423       pi+     211 [243]    
                                -0.032    -0.243   115.917   115.917     0.140
424      K_L0     130 [422]    
                                 0.900    -0.356   300.104   300.106     0.498
425     gamma      22 [244]    
                                -0.178    -0.032     6.737     6.739     0.000
426     gamma      22 [244]    
                                -0.120    -0.130     9.931     9.933     0.000
428       pi-    -211 [247]    
                                 0.418    -0.437     0.476     0.782     0.140
429       pi+     211 [427]    
                                 0.177     0.418     0.488     0.681     0.140
430       pi-    -211 [427]    
                                 0.509    -0.139     0.202     0.582     0.140
432       pi+     211 [249]    
                                -0.155    -0.026    -0.649     0.682     0.140
433     gamma      22 [431]    
                                -0.147     0.861    -0.176     0.891     0.000
434     gamma      22 [431]    
                                 0.028     0.315    -0.064     0.323     0.000
435     gamma      22 [251]    
                                 0.007     0.005   -67.713    67.713     0.000
436     gamma      22 [251]    
                                -0.272    -0.011  -369.077   369.077     0.000
437     gamma      22 [257]    
                                 0.256    -0.491   202.044   202.045     0.000
438        e-      11 [257]    
                                 0.044    -0.055    19.527    19.527     0.001
439        e+     -11 [257]    
                                 0.133    -0.168    58.818    58.819     0.001
440     nbar0   -2112 [260]    
                                 0.136     0.189   209.546   209.548     0.940
441       pi-    -211 [260]    
                                -0.463    -0.356   164.245   164.246     0.140
------------------------------------------------------------------------------
     Sum of momenta:                 0         0         0   1.3e+04   1.3e+04
No exceptions reported in this run.

Miscellaneous output from modules to the standard output:

Statistics for the UE process: 
                                       generated    number of    Cross-section
                                          events     attempts             (nb)
==============================================================================
Total:                                    100628       100628      7.22194e+07
==============================================================================
Per matrix element breakdown:
MEQCD2to2Fast                             100628       100628      7.22194e+07
==============================================================================

==============================================================================
Eikonalized and soft cross sections:

Model parameters:                    ptmin:   4.62891 GeV, mu2: 1.49 GeV2
                                     DL mode: 2, CMenergy: 13000 GeV
hard inclusive cross section (mb):   72.2091
soft inclusive cross section (mb):   177.185
total cross section (mb):            112.594
inelastic cross section (mb):        78.4582
soft inv radius (GeV2):              0.56444
slope of soft pt spectrum (1/GeV2):  0.0478166
Average hard multiplicity:           3.14121
Average soft multiplicity:           4.33657
==============================================================================

